<?xml version="1.0" encoding="UTF-8"?>
<!-- Generated by org.testng.reporters.JUnitReportReporter -->
<testsuite hostname="DESKTOP-8CNA17E" failures="0" tests="2" name="excelUtils.ExcelDataProvider" time="0.015" errors="0" timestamp="15 Jan 2023 10:30:56 GMT" skipped="0">
  <testcase classname="excelUtils.ExcelDataProvider" name="testMethod" time="0.011"/>
  <testcase classname="excelUtils.ExcelDataProvider" name="testMethod" time="0.004"/>
</testsuite> <!-- excelUtils.ExcelDataProvider -->
